<?xml version="1.0" encoding="UTF-8"?>
<testsuite name="com.mysite.sbb.SbbApplicationTests" tests="1" skipped="0" failures="0" errors="0" timestamp="2024-03-05T07:46:53" hostname="MASTER" time="1.218">
  <properties/>
  <testcase name="testJpa()" classname="com.mysite.sbb.SbbApplicationTests" time="1.218"/>
  <system-out><![CDATA[16:46:48.206 [Test worker] INFO org.springframework.test.context.support.AnnotationConfigContextLoaderUtils -- Could not detect default configuration classes for test class [com.mysite.sbb.SbbApplicationTests]: SbbApplicationTests does not declare any static, non-private, non-final, nested classes annotated with @Configuration.
16:46:48.353 [Test worker] INFO org.springframework.boot.test.context.SpringBootTestContextBootstrapper -- Found @SpringBootConfiguration com.mysite.sbb.SbbApplication for test class com.mysite.sbb.SbbApplicationTests

  .   ____          _            __ _ _
 /\\ / ___'_ __ _ _(_)_ __  __ _ \ \ \ \
( ( )\___ | '_ | '_| | '_ \/ _` | \ \ \ \
 \\/  ___)| |_)| | | | | || (_| |  ) ) ) )
  '  |____| .__|_| |_|_| |_\__, | / / / /
 =========|_|==============|___/=/_/_/_/
 :: Spring Boot ::                (v3.1.9)

2024-03-05T16:46:48.812+09:00  INFO 10120 --- [    Test worker] com.mysite.sbb.SbbApplicationTests       : Starting SbbApplicationTests using Java 17.0.9 with PID 10120 (started by captain in C:\Users\captain\Downloads\workspace\sbb)
2024-03-05T16:46:48.814+09:00  INFO 10120 --- [    Test worker] com.mysite.sbb.SbbApplicationTests       : No active profile set, falling back to 1 default profile: "default"
2024-03-05T16:46:49.729+09:00  INFO 10120 --- [    Test worker] .s.d.r.c.RepositoryConfigurationDelegate : Bootstrapping Spring Data JPA repositories in DEFAULT mode.
2024-03-05T16:46:49.803+09:00  INFO 10120 --- [    Test worker] .s.d.r.c.RepositoryConfigurationDelegate : Finished Spring Data repository scanning in 63 ms. Found 2 JPA repository interfaces.
2024-03-05T16:46:50.266+09:00  INFO 10120 --- [    Test worker] o.hibernate.jpa.internal.util.LogHelper  : HHH000204: Processing PersistenceUnitInfo [name: default]
2024-03-05T16:46:50.350+09:00  INFO 10120 --- [    Test worker] org.hibernate.Version                    : HHH000412: Hibernate ORM core version 6.2.22.Final
2024-03-05T16:46:50.354+09:00  INFO 10120 --- [    Test worker] org.hibernate.cfg.Environment            : HHH000406: Using bytecode reflection optimizer
2024-03-05T16:46:50.742+09:00  INFO 10120 --- [    Test worker] o.s.o.j.p.SpringPersistenceUnitInfo      : No LoadTimeWeaver setup: ignoring JPA class transformer
2024-03-05T16:46:50.784+09:00  INFO 10120 --- [    Test worker] com.zaxxer.hikari.HikariDataSource       : HikariPool-1 - Starting...
2024-03-05T16:46:51.053+09:00  INFO 10120 --- [    Test worker] com.zaxxer.hikari.pool.HikariPool        : HikariPool-1 - Added connection conn0: url=jdbc:h2:~/local user=SA
2024-03-05T16:46:51.055+09:00  INFO 10120 --- [    Test worker] com.zaxxer.hikari.HikariDataSource       : HikariPool-1 - Start completed.
2024-03-05T16:46:51.087+09:00  WARN 10120 --- [    Test worker] org.hibernate.orm.deprecation            : HHH90000025: H2Dialect does not need to be specified explicitly using 'hibernate.dialect' (remove the property setting and it will be selected by default)
2024-03-05T16:46:52.188+09:00  INFO 10120 --- [    Test worker] o.h.e.t.j.p.i.JtaPlatformInitiator       : HHH000489: No JTA platform available (set 'hibernate.transaction.jta.platform' to enable JTA platform integration)
2024-03-05T16:46:52.246+09:00  INFO 10120 --- [    Test worker] j.LocalContainerEntityManagerFactoryBean : Initialized JPA EntityManagerFactory for persistence unit 'default'
2024-03-05T16:46:52.773+09:00  WARN 10120 --- [    Test worker] JpaBaseConfiguration$JpaWebConfiguration : spring.jpa.open-in-view is enabled by default. Therefore, database queries may be performed during view rendering. Explicitly configure spring.jpa.open-in-view to disable this warning
2024-03-05T16:46:53.234+09:00  INFO 10120 --- [    Test worker] o.s.b.a.h2.H2ConsoleAutoConfiguration    : H2 console available at '/h2-console '. Database available at 'jdbc:h2:~/local'
2024-03-05T16:46:53.298+09:00  INFO 10120 --- [    Test worker] com.mysite.sbb.SbbApplicationTests       : Started SbbApplicationTests in 4.74 seconds (process running for 6.251)
Hibernate: 
    insert 
    into
        question
        (content,create_date,subject,id) 
    values
        (?,?,?,default)
Hibernate: 
    insert 
    into
        question
        (content,create_date,subject,id) 
    values
        (?,?,?,default)
Hibernate: 
    insert 
    into
        question
        (content,create_date,subject,id) 
    values
        (?,?,?,default)
Hibernate: 
    insert 
    into
        question
        (content,create_date,subject,id) 
    values
        (?,?,?,default)
Hibernate: 
    insert 
    into
        question
        (content,create_date,subject,id) 
    values
        (?,?,?,default)
Hibernate: 
    insert 
    into
        question
        (content,create_date,subject,id) 
    values
        (?,?,?,default)
Hibernate: 
    insert 
    into
        question
        (content,create_date,subject,id) 
    values
        (?,?,?,default)
Hibernate: 
    insert 
    into
        question
        (content,create_date,subject,id) 
    values
        (?,?,?,default)
Hibernate: 
    insert 
    into
        question
        (content,create_date,subject,id) 
    values
        (?,?,?,default)
Hibernate: 
    insert 
    into
        question
        (content,create_date,subject,id) 
    values
        (?,?,?,default)
Hibernate: 
    insert 
    into
        question
        (content,create_date,subject,id) 
    values
        (?,?,?,default)
Hibernate: 
    insert 
    into
        question
        (content,create_date,subject,id) 
    values
        (?,?,?,default)
Hibernate: 
    insert 
    into
        question
        (content,create_date,subject,id) 
    values
        (?,?,?,default)
Hibernate: 
    insert 
    into
        question
        (content,create_date,subject,id) 
    values
        (?,?,?,default)
Hibernate: 
    insert 
    into
        question
        (content,create_date,subject,id) 
    values
        (?,?,?,default)
Hibernate: 
    insert 
    into
        question
        (content,create_date,subject,id) 
    values
        (?,?,?,default)
Hibernate: 
    insert 
    into
        question
        (content,create_date,subject,id) 
    values
        (?,?,?,default)
Hibernate: 
    insert 
    into
        question
        (content,create_date,subject,id) 
    values
        (?,?,?,default)
Hibernate: 
    insert 
    into
        question
        (content,create_date,subject,id) 
    values
        (?,?,?,default)
Hibernate: 
    insert 
    into
        question
        (content,create_date,subject,id) 
    values
        (?,?,?,default)
Hibernate: 
    insert 
    into
        question
        (content,create_date,subject,id) 
    values
        (?,?,?,default)
Hibernate: 
    insert 
    into
        question
        (content,create_date,subject,id) 
    values
        (?,?,?,default)
Hibernate: 
    insert 
    into
        question
        (content,create_date,subject,id) 
    values
        (?,?,?,default)
Hibernate: 
    insert 
    into
        question
        (content,create_date,subject,id) 
    values
        (?,?,?,default)
Hibernate: 
    insert 
    into
        question
        (content,create_date,subject,id) 
    values
        (?,?,?,default)
Hibernate: 
    insert 
    into
        question
        (content,create_date,subject,id) 
    values
        (?,?,?,default)
Hibernate: 
    insert 
    into
        question
        (content,create_date,subject,id) 
    values
        (?,?,?,default)
Hibernate: 
    insert 
    into
        question
        (content,create_date,subject,id) 
    values
        (?,?,?,default)
Hibernate: 
    insert 
    into
        question
        (content,create_date,subject,id) 
    values
        (?,?,?,default)
Hibernate: 
    insert 
    into
        question
        (content,create_date,subject,id) 
    values
        (?,?,?,default)
Hibernate: 
    insert 
    into
        question
        (content,create_date,subject,id) 
    values
        (?,?,?,default)
Hibernate: 
    insert 
    into
        question
        (content,create_date,subject,id) 
    values
        (?,?,?,default)
Hibernate: 
    insert 
    into
        question
        (content,create_date,subject,id) 
    values
        (?,?,?,default)
Hibernate: 
    insert 
    into
        question
        (content,create_date,subject,id) 
    values
        (?,?,?,default)
Hibernate: 
    insert 
    into
        question
        (content,create_date,subject,id) 
    values
        (?,?,?,default)
Hibernate: 
    insert 
    into
        question
        (content,create_date,subject,id) 
    values
        (?,?,?,default)
Hibernate: 
    insert 
    into
        question
        (content,create_date,subject,id) 
    values
        (?,?,?,default)
Hibernate: 
    insert 
    into
        question
        (content,create_date,subject,id) 
    values
        (?,?,?,default)
Hibernate: 
    insert 
    into
        question
        (content,create_date,subject,id) 
    values
        (?,?,?,default)
Hibernate: 
    insert 
    into
        question
        (content,create_date,subject,id) 
    values
        (?,?,?,default)
Hibernate: 
    insert 
    into
        question
        (content,create_date,subject,id) 
    values
        (?,?,?,default)
Hibernate: 
    insert 
    into
        question
        (content,create_date,subject,id) 
    values
        (?,?,?,default)
Hibernate: 
    insert 
    into
        question
        (content,create_date,subject,id) 
    values
        (?,?,?,default)
Hibernate: 
    insert 
    into
        question
        (content,create_date,subject,id) 
    values
        (?,?,?,default)
Hibernate: 
    insert 
    into
        question
        (content,create_date,subject,id) 
    values
        (?,?,?,default)
Hibernate: 
    insert 
    into
        question
        (content,create_date,subject,id) 
    values
        (?,?,?,default)
Hibernate: 
    insert 
    into
        question
        (content,create_date,subject,id) 
    values
        (?,?,?,default)
Hibernate: 
    insert 
    into
        question
        (content,create_date,subject,id) 
    values
        (?,?,?,default)
Hibernate: 
    insert 
    into
        question
        (content,create_date,subject,id) 
    values
        (?,?,?,default)
Hibernate: 
    insert 
    into
        question
        (content,create_date,subject,id) 
    values
        (?,?,?,default)
Hibernate: 
    insert 
    into
        question
        (content,create_date,subject,id) 
    values
        (?,?,?,default)
Hibernate: 
    insert 
    into
        question
        (content,create_date,subject,id) 
    values
        (?,?,?,default)
Hibernate: 
    insert 
    into
        question
        (content,create_date,subject,id) 
    values
        (?,?,?,default)
Hibernate: 
    insert 
    into
        question
        (content,create_date,subject,id) 
    values
        (?,?,?,default)
Hibernate: 
    insert 
    into
        question
        (content,create_date,subject,id) 
    values
        (?,?,?,default)
Hibernate: 
    insert 
    into
        question
        (content,create_date,subject,id) 
    values
        (?,?,?,default)
Hibernate: 
    insert 
    into
        question
        (content,create_date,subject,id) 
    values
        (?,?,?,default)
Hibernate: 
    insert 
    into
        question
        (content,create_date,subject,id) 
    values
        (?,?,?,default)
Hibernate: 
    insert 
    into
        question
        (content,create_date,subject,id) 
    values
        (?,?,?,default)
Hibernate: 
    insert 
    into
        question
        (content,create_date,subject,id) 
    values
        (?,?,?,default)
Hibernate: 
    insert 
    into
        question
        (content,create_date,subject,id) 
    values
        (?,?,?,default)
Hibernate: 
    insert 
    into
        question
        (content,create_date,subject,id) 
    values
        (?,?,?,default)
Hibernate: 
    insert 
    into
        question
        (content,create_date,subject,id) 
    values
        (?,?,?,default)
Hibernate: 
    insert 
    into
        question
        (content,create_date,subject,id) 
    values
        (?,?,?,default)
Hibernate: 
    insert 
    into
        question
        (content,create_date,subject,id) 
    values
        (?,?,?,default)
Hibernate: 
    insert 
    into
        question
        (content,create_date,subject,id) 
    values
        (?,?,?,default)
Hibernate: 
    insert 
    into
        question
        (content,create_date,subject,id) 
    values
        (?,?,?,default)
Hibernate: 
    insert 
    into
        question
        (content,create_date,subject,id) 
    values
        (?,?,?,default)
Hibernate: 
    insert 
    into
        question
        (content,create_date,subject,id) 
    values
        (?,?,?,default)
Hibernate: 
    insert 
    into
        question
        (content,create_date,subject,id) 
    values
        (?,?,?,default)
Hibernate: 
    insert 
    into
        question
        (content,create_date,subject,id) 
    values
        (?,?,?,default)
Hibernate: 
    insert 
    into
        question
        (content,create_date,subject,id) 
    values
        (?,?,?,default)
Hibernate: 
    insert 
    into
        question
        (content,create_date,subject,id) 
    values
        (?,?,?,default)
Hibernate: 
    insert 
    into
        question
        (content,create_date,subject,id) 
    values
        (?,?,?,default)
Hibernate: 
    insert 
    into
        question
        (content,create_date,subject,id) 
    values
        (?,?,?,default)
Hibernate: 
    insert 
    into
        question
        (content,create_date,subject,id) 
    values
        (?,?,?,default)
Hibernate: 
    insert 
    into
        question
        (content,create_date,subject,id) 
    values
        (?,?,?,default)
Hibernate: 
    insert 
    into
        question
        (content,create_date,subject,id) 
    values
        (?,?,?,default)
Hibernate: 
    insert 
    into
        question
        (content,create_date,subject,id) 
    values
        (?,?,?,default)
Hibernate: 
    insert 
    into
        question
        (content,create_date,subject,id) 
    values
        (?,?,?,default)
Hibernate: 
    insert 
    into
        question
        (content,create_date,subject,id) 
    values
        (?,?,?,default)
Hibernate: 
    insert 
    into
        question
        (content,create_date,subject,id) 
    values
        (?,?,?,default)
Hibernate: 
    insert 
    into
        question
        (content,create_date,subject,id) 
    values
        (?,?,?,default)
Hibernate: 
    insert 
    into
        question
        (content,create_date,subject,id) 
    values
        (?,?,?,default)
Hibernate: 
    insert 
    into
        question
        (content,create_date,subject,id) 
    values
        (?,?,?,default)
Hibernate: 
    insert 
    into
        question
        (content,create_date,subject,id) 
    values
        (?,?,?,default)
Hibernate: 
    insert 
    into
        question
        (content,create_date,subject,id) 
    values
        (?,?,?,default)
Hibernate: 
    insert 
    into
        question
        (content,create_date,subject,id) 
    values
        (?,?,?,default)
Hibernate: 
    insert 
    into
        question
        (content,create_date,subject,id) 
    values
        (?,?,?,default)
Hibernate: 
    insert 
    into
        question
        (content,create_date,subject,id) 
    values
        (?,?,?,default)
Hibernate: 
    insert 
    into
        question
        (content,create_date,subject,id) 
    values
        (?,?,?,default)
Hibernate: 
    insert 
    into
        question
        (content,create_date,subject,id) 
    values
        (?,?,?,default)
Hibernate: 
    insert 
    into
        question
        (content,create_date,subject,id) 
    values
        (?,?,?,default)
Hibernate: 
    insert 
    into
        question
        (content,create_date,subject,id) 
    values
        (?,?,?,default)
Hibernate: 
    insert 
    into
        question
        (content,create_date,subject,id) 
    values
        (?,?,?,default)
Hibernate: 
    insert 
    into
        question
        (content,create_date,subject,id) 
    values
        (?,?,?,default)
Hibernate: 
    insert 
    into
        question
        (content,create_date,subject,id) 
    values
        (?,?,?,default)
Hibernate: 
    insert 
    into
        question
        (content,create_date,subject,id) 
    values
        (?,?,?,default)
Hibernate: 
    insert 
    into
        question
        (content,create_date,subject,id) 
    values
        (?,?,?,default)
Hibernate: 
    insert 
    into
        question
        (content,create_date,subject,id) 
    values
        (?,?,?,default)
Hibernate: 
    insert 
    into
        question
        (content,create_date,subject,id) 
    values
        (?,?,?,default)
Hibernate: 
    insert 
    into
        question
        (content,create_date,subject,id) 
    values
        (?,?,?,default)
Hibernate: 
    insert 
    into
        question
        (content,create_date,subject,id) 
    values
        (?,?,?,default)
Hibernate: 
    insert 
    into
        question
        (content,create_date,subject,id) 
    values
        (?,?,?,default)
Hibernate: 
    insert 
    into
        question
        (content,create_date,subject,id) 
    values
        (?,?,?,default)
Hibernate: 
    insert 
    into
        question
        (content,create_date,subject,id) 
    values
        (?,?,?,default)
Hibernate: 
    insert 
    into
        question
        (content,create_date,subject,id) 
    values
        (?,?,?,default)
Hibernate: 
    insert 
    into
        question
        (content,create_date,subject,id) 
    values
        (?,?,?,default)
Hibernate: 
    insert 
    into
        question
        (content,create_date,subject,id) 
    values
        (?,?,?,default)
Hibernate: 
    insert 
    into
        question
        (content,create_date,subject,id) 
    values
        (?,?,?,default)
Hibernate: 
    insert 
    into
        question
        (content,create_date,subject,id) 
    values
        (?,?,?,default)
Hibernate: 
    insert 
    into
        question
        (content,create_date,subject,id) 
    values
        (?,?,?,default)
Hibernate: 
    insert 
    into
        question
        (content,create_date,subject,id) 
    values
        (?,?,?,default)
Hibernate: 
    insert 
    into
        question
        (content,create_date,subject,id) 
    values
        (?,?,?,default)
Hibernate: 
    insert 
    into
        question
        (content,create_date,subject,id) 
    values
        (?,?,?,default)
Hibernate: 
    insert 
    into
        question
        (content,create_date,subject,id) 
    values
        (?,?,?,default)
Hibernate: 
    insert 
    into
        question
        (content,create_date,subject,id) 
    values
        (?,?,?,default)
Hibernate: 
    insert 
    into
        question
        (content,create_date,subject,id) 
    values
        (?,?,?,default)
Hibernate: 
    insert 
    into
        question
        (content,create_date,subject,id) 
    values
        (?,?,?,default)
Hibernate: 
    insert 
    into
        question
        (content,create_date,subject,id) 
    values
        (?,?,?,default)
Hibernate: 
    insert 
    into
        question
        (content,create_date,subject,id) 
    values
        (?,?,?,default)
Hibernate: 
    insert 
    into
        question
        (content,create_date,subject,id) 
    values
        (?,?,?,default)
Hibernate: 
    insert 
    into
        question
        (content,create_date,subject,id) 
    values
        (?,?,?,default)
Hibernate: 
    insert 
    into
        question
        (content,create_date,subject,id) 
    values
        (?,?,?,default)
Hibernate: 
    insert 
    into
        question
        (content,create_date,subject,id) 
    values
        (?,?,?,default)
Hibernate: 
    insert 
    into
        question
        (content,create_date,subject,id) 
    values
        (?,?,?,default)
Hibernate: 
    insert 
    into
        question
        (content,create_date,subject,id) 
    values
        (?,?,?,default)
Hibernate: 
    insert 
    into
        question
        (content,create_date,subject,id) 
    values
        (?,?,?,default)
Hibernate: 
    insert 
    into
        question
        (content,create_date,subject,id) 
    values
        (?,?,?,default)
Hibernate: 
    insert 
    into
        question
        (content,create_date,subject,id) 
    values
        (?,?,?,default)
Hibernate: 
    insert 
    into
        question
        (content,create_date,subject,id) 
    values
        (?,?,?,default)
Hibernate: 
    insert 
    into
        question
        (content,create_date,subject,id) 
    values
        (?,?,?,default)
Hibernate: 
    insert 
    into
        question
        (content,create_date,subject,id) 
    values
        (?,?,?,default)
Hibernate: 
    insert 
    into
        question
        (content,create_date,subject,id) 
    values
        (?,?,?,default)
Hibernate: 
    insert 
    into
        question
        (content,create_date,subject,id) 
    values
        (?,?,?,default)
Hibernate: 
    insert 
    into
        question
        (content,create_date,subject,id) 
    values
        (?,?,?,default)
Hibernate: 
    insert 
    into
        question
        (content,create_date,subject,id) 
    values
        (?,?,?,default)
Hibernate: 
    insert 
    into
        question
        (content,create_date,subject,id) 
    values
        (?,?,?,default)
Hibernate: 
    insert 
    into
        question
        (content,create_date,subject,id) 
    values
        (?,?,?,default)
Hibernate: 
    insert 
    into
        question
        (content,create_date,subject,id) 
    values
        (?,?,?,default)
Hibernate: 
    insert 
    into
        question
        (content,create_date,subject,id) 
    values
        (?,?,?,default)
Hibernate: 
    insert 
    into
        question
        (content,create_date,subject,id) 
    values
        (?,?,?,default)
Hibernate: 
    insert 
    into
        question
        (content,create_date,subject,id) 
    values
        (?,?,?,default)
Hibernate: 
    insert 
    into
        question
        (content,create_date,subject,id) 
    values
        (?,?,?,default)
Hibernate: 
    insert 
    into
        question
        (content,create_date,subject,id) 
    values
        (?,?,?,default)
Hibernate: 
    insert 
    into
        question
        (content,create_date,subject,id) 
    values
        (?,?,?,default)
Hibernate: 
    insert 
    into
        question
        (content,create_date,subject,id) 
    values
        (?,?,?,default)
Hibernate: 
    insert 
    into
        question
        (content,create_date,subject,id) 
    values
        (?,?,?,default)
Hibernate: 
    insert 
    into
        question
        (content,create_date,subject,id) 
    values
        (?,?,?,default)
Hibernate: 
    insert 
    into
        question
        (content,create_date,subject,id) 
    values
        (?,?,?,default)
Hibernate: 
    insert 
    into
        question
        (content,create_date,subject,id) 
    values
        (?,?,?,default)
Hibernate: 
    insert 
    into
        question
        (content,create_date,subject,id) 
    values
        (?,?,?,default)
Hibernate: 
    insert 
    into
        question
        (content,create_date,subject,id) 
    values
        (?,?,?,default)
Hibernate: 
    insert 
    into
        question
        (content,create_date,subject,id) 
    values
        (?,?,?,default)
Hibernate: 
    insert 
    into
        question
        (content,create_date,subject,id) 
    values
        (?,?,?,default)
Hibernate: 
    insert 
    into
        question
        (content,create_date,subject,id) 
    values
        (?,?,?,default)
Hibernate: 
    insert 
    into
        question
        (content,create_date,subject,id) 
    values
        (?,?,?,default)
Hibernate: 
    insert 
    into
        question
        (content,create_date,subject,id) 
    values
        (?,?,?,default)
Hibernate: 
    insert 
    into
        question
        (content,create_date,subject,id) 
    values
        (?,?,?,default)
Hibernate: 
    insert 
    into
        question
        (content,create_date,subject,id) 
    values
        (?,?,?,default)
Hibernate: 
    insert 
    into
        question
        (content,create_date,subject,id) 
    values
        (?,?,?,default)
Hibernate: 
    insert 
    into
        question
        (content,create_date,subject,id) 
    values
        (?,?,?,default)
Hibernate: 
    insert 
    into
        question
        (content,create_date,subject,id) 
    values
        (?,?,?,default)
Hibernate: 
    insert 
    into
        question
        (content,create_date,subject,id) 
    values
        (?,?,?,default)
Hibernate: 
    insert 
    into
        question
        (content,create_date,subject,id) 
    values
        (?,?,?,default)
Hibernate: 
    insert 
    into
        question
        (content,create_date,subject,id) 
    values
        (?,?,?,default)
Hibernate: 
    insert 
    into
        question
        (content,create_date,subject,id) 
    values
        (?,?,?,default)
Hibernate: 
    insert 
    into
        question
        (content,create_date,subject,id) 
    values
        (?,?,?,default)
Hibernate: 
    insert 
    into
        question
        (content,create_date,subject,id) 
    values
        (?,?,?,default)
Hibernate: 
    insert 
    into
        question
        (content,create_date,subject,id) 
    values
        (?,?,?,default)
Hibernate: 
    insert 
    into
        question
        (content,create_date,subject,id) 
    values
        (?,?,?,default)
Hibernate: 
    insert 
    into
        question
        (content,create_date,subject,id) 
    values
        (?,?,?,default)
Hibernate: 
    insert 
    into
        question
        (content,create_date,subject,id) 
    values
        (?,?,?,default)
Hibernate: 
    insert 
    into
        question
        (content,create_date,subject,id) 
    values
        (?,?,?,default)
Hibernate: 
    insert 
    into
        question
        (content,create_date,subject,id) 
    values
        (?,?,?,default)
Hibernate: 
    insert 
    into
        question
        (content,create_date,subject,id) 
    values
        (?,?,?,default)
Hibernate: 
    insert 
    into
        question
        (content,create_date,subject,id) 
    values
        (?,?,?,default)
Hibernate: 
    insert 
    into
        question
        (content,create_date,subject,id) 
    values
        (?,?,?,default)
Hibernate: 
    insert 
    into
        question
        (content,create_date,subject,id) 
    values
        (?,?,?,default)
Hibernate: 
    insert 
    into
        question
        (content,create_date,subject,id) 
    values
        (?,?,?,default)
Hibernate: 
    insert 
    into
        question
        (content,create_date,subject,id) 
    values
        (?,?,?,default)
Hibernate: 
    insert 
    into
        question
        (content,create_date,subject,id) 
    values
        (?,?,?,default)
Hibernate: 
    insert 
    into
        question
        (content,create_date,subject,id) 
    values
        (?,?,?,default)
Hibernate: 
    insert 
    into
        question
        (content,create_date,subject,id) 
    values
        (?,?,?,default)
Hibernate: 
    insert 
    into
        question
        (content,create_date,subject,id) 
    values
        (?,?,?,default)
Hibernate: 
    insert 
    into
        question
        (content,create_date,subject,id) 
    values
        (?,?,?,default)
Hibernate: 
    insert 
    into
        question
        (content,create_date,subject,id) 
    values
        (?,?,?,default)
Hibernate: 
    insert 
    into
        question
        (content,create_date,subject,id) 
    values
        (?,?,?,default)
Hibernate: 
    insert 
    into
        question
        (content,create_date,subject,id) 
    values
        (?,?,?,default)
Hibernate: 
    insert 
    into
        question
        (content,create_date,subject,id) 
    values
        (?,?,?,default)
Hibernate: 
    insert 
    into
        question
        (content,create_date,subject,id) 
    values
        (?,?,?,default)
Hibernate: 
    insert 
    into
        question
        (content,create_date,subject,id) 
    values
        (?,?,?,default)
Hibernate: 
    insert 
    into
        question
        (content,create_date,subject,id) 
    values
        (?,?,?,default)
Hibernate: 
    insert 
    into
        question
        (content,create_date,subject,id) 
    values
        (?,?,?,default)
Hibernate: 
    insert 
    into
        question
        (content,create_date,subject,id) 
    values
        (?,?,?,default)
Hibernate: 
    insert 
    into
        question
        (content,create_date,subject,id) 
    values
        (?,?,?,default)
Hibernate: 
    insert 
    into
        question
        (content,create_date,subject,id) 
    values
        (?,?,?,default)
Hibernate: 
    insert 
    into
        question
        (content,create_date,subject,id) 
    values
        (?,?,?,default)
Hibernate: 
    insert 
    into
        question
        (content,create_date,subject,id) 
    values
        (?,?,?,default)
Hibernate: 
    insert 
    into
        question
        (content,create_date,subject,id) 
    values
        (?,?,?,default)
Hibernate: 
    insert 
    into
        question
        (content,create_date,subject,id) 
    values
        (?,?,?,default)
Hibernate: 
    insert 
    into
        question
        (content,create_date,subject,id) 
    values
        (?,?,?,default)
Hibernate: 
    insert 
    into
        question
        (content,create_date,subject,id) 
    values
        (?,?,?,default)
Hibernate: 
    insert 
    into
        question
        (content,create_date,subject,id) 
    values
        (?,?,?,default)
Hibernate: 
    insert 
    into
        question
        (content,create_date,subject,id) 
    values
        (?,?,?,default)
Hibernate: 
    insert 
    into
        question
        (content,create_date,subject,id) 
    values
        (?,?,?,default)
Hibernate: 
    insert 
    into
        question
        (content,create_date,subject,id) 
    values
        (?,?,?,default)
Hibernate: 
    insert 
    into
        question
        (content,create_date,subject,id) 
    values
        (?,?,?,default)
Hibernate: 
    insert 
    into
        question
        (content,create_date,subject,id) 
    values
        (?,?,?,default)
Hibernate: 
    insert 
    into
        question
        (content,create_date,subject,id) 
    values
        (?,?,?,default)
Hibernate: 
    insert 
    into
        question
        (content,create_date,subject,id) 
    values
        (?,?,?,default)
Hibernate: 
    insert 
    into
        question
        (content,create_date,subject,id) 
    values
        (?,?,?,default)
Hibernate: 
    insert 
    into
        question
        (content,create_date,subject,id) 
    values
        (?,?,?,default)
Hibernate: 
    insert 
    into
        question
        (content,create_date,subject,id) 
    values
        (?,?,?,default)
Hibernate: 
    insert 
    into
        question
        (content,create_date,subject,id) 
    values
        (?,?,?,default)
Hibernate: 
    insert 
    into
        question
        (content,create_date,subject,id) 
    values
        (?,?,?,default)
Hibernate: 
    insert 
    into
        question
        (content,create_date,subject,id) 
    values
        (?,?,?,default)
Hibernate: 
    insert 
    into
        question
        (content,create_date,subject,id) 
    values
        (?,?,?,default)
Hibernate: 
    insert 
    into
        question
        (content,create_date,subject,id) 
    values
        (?,?,?,default)
Hibernate: 
    insert 
    into
        question
        (content,create_date,subject,id) 
    values
        (?,?,?,default)
Hibernate: 
    insert 
    into
        question
        (content,create_date,subject,id) 
    values
        (?,?,?,default)
Hibernate: 
    insert 
    into
        question
        (content,create_date,subject,id) 
    values
        (?,?,?,default)
Hibernate: 
    insert 
    into
        question
        (content,create_date,subject,id) 
    values
        (?,?,?,default)
Hibernate: 
    insert 
    into
        question
        (content,create_date,subject,id) 
    values
        (?,?,?,default)
Hibernate: 
    insert 
    into
        question
        (content,create_date,subject,id) 
    values
        (?,?,?,default)
Hibernate: 
    insert 
    into
        question
        (content,create_date,subject,id) 
    values
        (?,?,?,default)
Hibernate: 
    insert 
    into
        question
        (content,create_date,subject,id) 
    values
        (?,?,?,default)
Hibernate: 
    insert 
    into
        question
        (content,create_date,subject,id) 
    values
        (?,?,?,default)
Hibernate: 
    insert 
    into
        question
        (content,create_date,subject,id) 
    values
        (?,?,?,default)
Hibernate: 
    insert 
    into
        question
        (content,create_date,subject,id) 
    values
        (?,?,?,default)
Hibernate: 
    insert 
    into
        question
        (content,create_date,subject,id) 
    values
        (?,?,?,default)
Hibernate: 
    insert 
    into
        question
        (content,create_date,subject,id) 
    values
        (?,?,?,default)
Hibernate: 
    insert 
    into
        question
        (content,create_date,subject,id) 
    values
        (?,?,?,default)
Hibernate: 
    insert 
    into
        question
        (content,create_date,subject,id) 
    values
        (?,?,?,default)
Hibernate: 
    insert 
    into
        question
        (content,create_date,subject,id) 
    values
        (?,?,?,default)
Hibernate: 
    insert 
    into
        question
        (content,create_date,subject,id) 
    values
        (?,?,?,default)
Hibernate: 
    insert 
    into
        question
        (content,create_date,subject,id) 
    values
        (?,?,?,default)
Hibernate: 
    insert 
    into
        question
        (content,create_date,subject,id) 
    values
        (?,?,?,default)
Hibernate: 
    insert 
    into
        question
        (content,create_date,subject,id) 
    values
        (?,?,?,default)
Hibernate: 
    insert 
    into
        question
        (content,create_date,subject,id) 
    values
        (?,?,?,default)
Hibernate: 
    insert 
    into
        question
        (content,create_date,subject,id) 
    values
        (?,?,?,default)
Hibernate: 
    insert 
    into
        question
        (content,create_date,subject,id) 
    values
        (?,?,?,default)
Hibernate: 
    insert 
    into
        question
        (content,create_date,subject,id) 
    values
        (?,?,?,default)
Hibernate: 
    insert 
    into
        question
        (content,create_date,subject,id) 
    values
        (?,?,?,default)
Hibernate: 
    insert 
    into
        question
        (content,create_date,subject,id) 
    values
        (?,?,?,default)
Hibernate: 
    insert 
    into
        question
        (content,create_date,subject,id) 
    values
        (?,?,?,default)
Hibernate: 
    insert 
    into
        question
        (content,create_date,subject,id) 
    values
        (?,?,?,default)
Hibernate: 
    insert 
    into
        question
        (content,create_date,subject,id) 
    values
        (?,?,?,default)
Hibernate: 
    insert 
    into
        question
        (content,create_date,subject,id) 
    values
        (?,?,?,default)
Hibernate: 
    insert 
    into
        question
        (content,create_date,subject,id) 
    values
        (?,?,?,default)
Hibernate: 
    insert 
    into
        question
        (content,create_date,subject,id) 
    values
        (?,?,?,default)
Hibernate: 
    insert 
    into
        question
        (content,create_date,subject,id) 
    values
        (?,?,?,default)
Hibernate: 
    insert 
    into
        question
        (content,create_date,subject,id) 
    values
        (?,?,?,default)
Hibernate: 
    insert 
    into
        question
        (content,create_date,subject,id) 
    values
        (?,?,?,default)
Hibernate: 
    insert 
    into
        question
        (content,create_date,subject,id) 
    values
        (?,?,?,default)
Hibernate: 
    insert 
    into
        question
        (content,create_date,subject,id) 
    values
        (?,?,?,default)
Hibernate: 
    insert 
    into
        question
        (content,create_date,subject,id) 
    values
        (?,?,?,default)
Hibernate: 
    insert 
    into
        question
        (content,create_date,subject,id) 
    values
        (?,?,?,default)
Hibernate: 
    insert 
    into
        question
        (content,create_date,subject,id) 
    values
        (?,?,?,default)
Hibernate: 
    insert 
    into
        question
        (content,create_date,subject,id) 
    values
        (?,?,?,default)
Hibernate: 
    insert 
    into
        question
        (content,create_date,subject,id) 
    values
        (?,?,?,default)
Hibernate: 
    insert 
    into
        question
        (content,create_date,subject,id) 
    values
        (?,?,?,default)
Hibernate: 
    insert 
    into
        question
        (content,create_date,subject,id) 
    values
        (?,?,?,default)
Hibernate: 
    insert 
    into
        question
        (content,create_date,subject,id) 
    values
        (?,?,?,default)
Hibernate: 
    insert 
    into
        question
        (content,create_date,subject,id) 
    values
        (?,?,?,default)
Hibernate: 
    insert 
    into
        question
        (content,create_date,subject,id) 
    values
        (?,?,?,default)
Hibernate: 
    insert 
    into
        question
        (content,create_date,subject,id) 
    values
        (?,?,?,default)
Hibernate: 
    insert 
    into
        question
        (content,create_date,subject,id) 
    values
        (?,?,?,default)
Hibernate: 
    insert 
    into
        question
        (content,create_date,subject,id) 
    values
        (?,?,?,default)
Hibernate: 
    insert 
    into
        question
        (content,create_date,subject,id) 
    values
        (?,?,?,default)
Hibernate: 
    insert 
    into
        question
        (content,create_date,subject,id) 
    values
        (?,?,?,default)
Hibernate: 
    insert 
    into
        question
        (content,create_date,subject,id) 
    values
        (?,?,?,default)
Hibernate: 
    insert 
    into
        question
        (content,create_date,subject,id) 
    values
        (?,?,?,default)
Hibernate: 
    insert 
    into
        question
        (content,create_date,subject,id) 
    values
        (?,?,?,default)
Hibernate: 
    insert 
    into
        question
        (content,create_date,subject,id) 
    values
        (?,?,?,default)
Hibernate: 
    insert 
    into
        question
        (content,create_date,subject,id) 
    values
        (?,?,?,default)
Hibernate: 
    insert 
    into
        question
        (content,create_date,subject,id) 
    values
        (?,?,?,default)
Hibernate: 
    insert 
    into
        question
        (content,create_date,subject,id) 
    values
        (?,?,?,default)
Hibernate: 
    insert 
    into
        question
        (content,create_date,subject,id) 
    values
        (?,?,?,default)
Hibernate: 
    insert 
    into
        question
        (content,create_date,subject,id) 
    values
        (?,?,?,default)
Hibernate: 
    insert 
    into
        question
        (content,create_date,subject,id) 
    values
        (?,?,?,default)
Hibernate: 
    insert 
    into
        question
        (content,create_date,subject,id) 
    values
        (?,?,?,default)
Hibernate: 
    insert 
    into
        question
        (content,create_date,subject,id) 
    values
        (?,?,?,default)
Hibernate: 
    insert 
    into
        question
        (content,create_date,subject,id) 
    values
        (?,?,?,default)
Hibernate: 
    insert 
    into
        question
        (content,create_date,subject,id) 
    values
        (?,?,?,default)
Hibernate: 
    insert 
    into
        question
        (content,create_date,subject,id) 
    values
        (?,?,?,default)
Hibernate: 
    insert 
    into
        question
        (content,create_date,subject,id) 
    values
        (?,?,?,default)
Hibernate: 
    insert 
    into
        question
        (content,create_date,subject,id) 
    values
        (?,?,?,default)
Hibernate: 
    insert 
    into
        question
        (content,create_date,subject,id) 
    values
        (?,?,?,default)
Hibernate: 
    insert 
    into
        question
        (content,create_date,subject,id) 
    values
        (?,?,?,default)
Hibernate: 
    insert 
    into
        question
        (content,create_date,subject,id) 
    values
        (?,?,?,default)
Hibernate: 
    insert 
    into
        question
        (content,create_date,subject,id) 
    values
        (?,?,?,default)
Hibernate: 
    insert 
    into
        question
        (content,create_date,subject,id) 
    values
        (?,?,?,default)
Hibernate: 
    insert 
    into
        question
        (content,create_date,subject,id) 
    values
        (?,?,?,default)
Hibernate: 
    insert 
    into
        question
        (content,create_date,subject,id) 
    values
        (?,?,?,default)
Hibernate: 
    insert 
    into
        question
        (content,create_date,subject,id) 
    values
        (?,?,?,default)
Hibernate: 
    insert 
    into
        question
        (content,create_date,subject,id) 
    values
        (?,?,?,default)
Hibernate: 
    insert 
    into
        question
        (content,create_date,subject,id) 
    values
        (?,?,?,default)
Hibernate: 
    insert 
    into
        question
        (content,create_date,subject,id) 
    values
        (?,?,?,default)
Hibernate: 
    insert 
    into
        question
        (content,create_date,subject,id) 
    values
        (?,?,?,default)
]]></system-out>
  <system-err><![CDATA[]]></system-err>
</testsuite>
